#! /opt/homebrew/Cellar/icarus-verilog/12.0/bin/vvp
:ivl_version "12.0 (stable)";
:ivl_delay_selection "TYPICAL";
:vpi_time_precision - 12;
:vpi_module "/opt/homebrew/Cellar/icarus-verilog/12.0/lib/ivl/system.vpi";
:vpi_module "/opt/homebrew/Cellar/icarus-verilog/12.0/lib/ivl/vhdl_sys.vpi";
:vpi_module "/opt/homebrew/Cellar/icarus-verilog/12.0/lib/ivl/vhdl_textio.vpi";
:vpi_module "/opt/homebrew/Cellar/icarus-verilog/12.0/lib/ivl/v2005_math.vpi";
:vpi_module "/opt/homebrew/Cellar/icarus-verilog/12.0/lib/ivl/va_math.vpi";
S_0x139804170 .scope module, "tb_i2c_controller" "tb_i2c_controller" 2 3;
 .timescale -9 -12;
v0x139815e30_0 .var "addr", 6 0;
v0x139815ec0_0 .var "clk", 0 0;
v0x139815f50_0 .net "data_out", 7 0, v0x1398152d0_0;  1 drivers
v0x139815fe0_0 .var "enable", 0 0;
v0x139816070_0 .net "i2c_scl", 0 0, L_0x139816810;  1 drivers
v0x139816140_0 .net "i2c_sda", 0 0, L_0x1398168f0;  1 drivers
v0x1398161f0_0 .net "ready", 0 0, L_0x1398166e0;  1 drivers
v0x1398162a0_0 .var "rst", 0 0;
v0x139816350_0 .var "rw", 0 0;
v0x139816480_0 .var "wdata", 7 0;
S_0x1398042f0 .scope module, "uut" "i2c_controller" 2 18, 3 3 0, S_0x139804170;
 .timescale -9 -12;
    .port_info 0 /INPUT 1 "clk";
    .port_info 1 /INPUT 1 "rst";
    .port_info 2 /INPUT 7 "addr";
    .port_info 3 /INPUT 8 "wdata";
    .port_info 4 /INPUT 1 "enable";
    .port_info 5 /INPUT 1 "rw";
    .port_info 6 /OUTPUT 8 "data_out";
    .port_info 7 /OUTPUT 1 "ready";
    .port_info 8 /INOUT 1 "i2c_sda";
    .port_info 9 /INOUT 1 "i2c_scl";
P_0x1398044c0 .param/l "ADDRESS" 1 3 21, C4<0010>;
P_0x139804500 .param/l "IDLE" 1 3 19, C4<0000>;
P_0x139804540 .param/l "READ_ACK" 1 3 22, C4<0011>;
P_0x139804580 .param/l "READ_ACK2" 1 3 26, C4<0111>;
P_0x1398045c0 .param/l "READ_DATA" 1 3 25, C4<0110>;
P_0x139804600 .param/l "START" 1 3 20, C4<0001>;
P_0x139804640 .param/l "STOP" 1 3 27, C4<1000>;
P_0x139804680 .param/l "WRITE_ACK" 1 3 24, C4<0101>;
P_0x1398046c0 .param/l "WRITE_DATA" 1 3 23, C4<0100>;
L_0x139816510 .functor NOT 1, v0x1398162a0_0, C4<0>, C4<0>, C4<0>;
L_0x1398166e0 .functor AND 1, L_0x139816510, L_0x1398165c0, C4<1>, C4<1>;
v0x139804c00_0 .net *"_ivl_0", 0 0, L_0x139816510;  1 drivers
o0x130008040 .functor BUFZ 1, C4<z>; HiZ drive
; Elide local net with no drivers, v0x139814cc0_0 name=_ivl_12
L_0x130040010 .functor BUFT 1, C4<0000>, C4<0>, C4<0>, C4<0>;
v0x139814d70_0 .net/2u *"_ivl_2", 3 0, L_0x130040010;  1 drivers
v0x139814e30_0 .net *"_ivl_4", 0 0, L_0x1398165c0;  1 drivers
o0x1300080d0 .functor BUFZ 1, C4<z>; HiZ drive
; Elide local net with no drivers, v0x139814ed0_0 name=_ivl_8
v0x139814fc0_0 .net "addr", 6 0, v0x139815e30_0;  1 drivers
v0x139815070_0 .net "clk", 0 0, v0x139815ec0_0;  1 drivers
v0x139815110_0 .var "clk_divider", 7 0;
v0x1398151c0_0 .var "counter", 2 0;
v0x1398152d0_0 .var "data_out", 7 0;
v0x139815380_0 .net "enable", 0 0, v0x139815fe0_0;  1 drivers
v0x139815420_0 .var "i2c_clk", 0 0;
v0x1398154c0_0 .net "i2c_scl", 0 0, L_0x139816810;  alias, 1 drivers
v0x139815560_0 .var "i2c_scl_enable", 0 0;
v0x139815600_0 .net "i2c_sda", 0 0, L_0x1398168f0;  alias, 1 drivers
v0x1398156a0_0 .net "ready", 0 0, L_0x1398166e0;  alias, 1 drivers
v0x139815740_0 .net "rst", 0 0, v0x1398162a0_0;  1 drivers
v0x1398158d0_0 .net "rw", 0 0, v0x139816350_0;  1 drivers
v0x139815960_0 .var "saved_addr", 7 0;
v0x1398159f0_0 .var "saved_data", 7 0;
v0x139815aa0_0 .var "sda_out", 0 0;
v0x139815b40_0 .var "state", 3 0;
v0x139815bf0_0 .net "wdata", 7 0, v0x139816480_0;  1 drivers
v0x139815ca0_0 .var "write_enable", 0 0;
E_0x139804b00/0 .event negedge, v0x139815420_0;
E_0x139804b00/1 .event posedge, v0x139815740_0;
E_0x139804b00 .event/or E_0x139804b00/0, E_0x139804b00/1;
E_0x139804b50 .event posedge, v0x139815740_0, v0x139815420_0;
E_0x139804ba0 .event posedge, v0x139815740_0, v0x139815070_0;
L_0x1398165c0 .cmp/eq 4, v0x139815b40_0, L_0x130040010;
L_0x139816810 .functor MUXZ 1, o0x1300080d0, v0x139815420_0, v0x139815560_0, C4<>;
L_0x1398168f0 .functor MUXZ 1, o0x130008040, v0x139815aa0_0, v0x139815ca0_0, C4<>;
    .scope S_0x1398042f0;
T_0 ;
    %wait E_0x139804ba0;
    %load/vec4 v0x139815740_0;
    %flag_set/vec4 8;
    %jmp/0xz  T_0.0, 8;
    %pushi/vec4 0, 0, 8;
    %assign/vec4 v0x139815110_0, 0;
    %pushi/vec4 0, 0, 1;
    %assign/vec4 v0x139815420_0, 0;
    %jmp T_0.1;
T_0.0 ;
    %load/vec4 v0x139815110_0;
    %addi 1, 0, 8;
    %assign/vec4 v0x139815110_0, 0;
    %load/vec4 v0x139815110_0;
    %pad/u 32;
    %cmpi/e 100, 0, 32;
    %jmp/0xz  T_0.2, 4;
    %load/vec4 v0x139815420_0;
    %inv;
    %assign/vec4 v0x139815420_0, 0;
    %pushi/vec4 0, 0, 8;
    %assign/vec4 v0x139815110_0, 0;
T_0.2 ;
T_0.1 ;
    %jmp T_0;
    .thread T_0;
    .scope S_0x1398042f0;
T_1 ;
    %wait E_0x139804b00;
    %load/vec4 v0x139815740_0;
    %flag_set/vec4 8;
    %jmp/0xz  T_1.0, 8;
    %pushi/vec4 0, 0, 1;
    %assign/vec4 v0x139815560_0, 0;
    %jmp T_1.1;
T_1.0 ;
    %load/vec4 v0x139815b40_0;
    %cmpi/e 0, 0, 4;
    %jmp/1 T_1.5, 4;
    %flag_mov 8, 4;
    %load/vec4 v0x139815b40_0;
    %cmpi/e 1, 0, 4;
    %flag_or 4, 8;
T_1.5;
    %jmp/1 T_1.4, 4;
    %flag_mov 8, 4;
    %load/vec4 v0x139815b40_0;
    %cmpi/e 8, 0, 4;
    %flag_or 4, 8;
T_1.4;
    %jmp/0xz  T_1.2, 4;
    %pushi/vec4 0, 0, 1;
    %assign/vec4 v0x139815560_0, 0;
    %jmp T_1.3;
T_1.2 ;
    %pushi/vec4 1, 0, 1;
    %assign/vec4 v0x139815560_0, 0;
T_1.3 ;
T_1.1 ;
    %jmp T_1;
    .thread T_1;
    .scope S_0x1398042f0;
T_2 ;
    %wait E_0x139804b50;
    %load/vec4 v0x139815740_0;
    %flag_set/vec4 8;
    %jmp/0xz  T_2.0, 8;
    %pushi/vec4 0, 0, 4;
    %assign/vec4 v0x139815b40_0, 0;
    %pushi/vec4 0, 0, 8;
    %assign/vec4 v0x1398152d0_0, 0;
    %pushi/vec4 7, 0, 3;
    %assign/vec4 v0x1398151c0_0, 0;
    %jmp T_2.1;
T_2.0 ;
    %load/vec4 v0x139815b40_0;
    %dup/vec4;
    %pushi/vec4 0, 0, 4;
    %cmp/u;
    %jmp/1 T_2.2, 6;
    %dup/vec4;
    %pushi/vec4 1, 0, 4;
    %cmp/u;
    %jmp/1 T_2.3, 6;
    %dup/vec4;
    %pushi/vec4 2, 0, 4;
    %cmp/u;
    %jmp/1 T_2.4, 6;
    %dup/vec4;
    %pushi/vec4 3, 0, 4;
    %cmp/u;
    %jmp/1 T_2.5, 6;
    %dup/vec4;
    %pushi/vec4 4, 0, 4;
    %cmp/u;
    %jmp/1 T_2.6, 6;
    %dup/vec4;
    %pushi/vec4 6, 0, 4;
    %cmp/u;
    %jmp/1 T_2.7, 6;
    %dup/vec4;
    %pushi/vec4 5, 0, 4;
    %cmp/u;
    %jmp/1 T_2.8, 6;
    %dup/vec4;
    %pushi/vec4 7, 0, 4;
    %cmp/u;
    %jmp/1 T_2.9, 6;
    %dup/vec4;
    %pushi/vec4 8, 0, 4;
    %cmp/u;
    %jmp/1 T_2.10, 6;
    %pushi/vec4 0, 0, 4;
    %assign/vec4 v0x139815b40_0, 0;
    %jmp T_2.12;
T_2.2 ;
    %load/vec4 v0x139815380_0;
    %flag_set/vec4 8;
    %jmp/0xz  T_2.13, 8;
    %load/vec4 v0x139814fc0_0;
    %load/vec4 v0x1398158d0_0;
    %concat/vec4; draw_concat_vec4
    %assign/vec4 v0x139815960_0, 0;
    %load/vec4 v0x139815bf0_0;
    %assign/vec4 v0x1398159f0_0, 0;
    %pushi/vec4 1, 0, 4;
    %assign/vec4 v0x139815b40_0, 0;
T_2.13 ;
    %jmp T_2.12;
T_2.3 ;
    %pushi/vec4 7, 0, 3;
    %assign/vec4 v0x1398151c0_0, 0;
    %pushi/vec4 2, 0, 4;
    %assign/vec4 v0x139815b40_0, 0;
    %jmp T_2.12;
T_2.4 ;
    %load/vec4 v0x1398151c0_0;
    %pad/u 32;
    %cmpi/e 0, 0, 32;
    %jmp/0xz  T_2.15, 4;
    %pushi/vec4 3, 0, 4;
    %assign/vec4 v0x139815b40_0, 0;
    %jmp T_2.16;
T_2.15 ;
    %load/vec4 v0x1398151c0_0;
    %subi 1, 0, 3;
    %assign/vec4 v0x1398151c0_0, 0;
T_2.16 ;
    %jmp T_2.12;
T_2.5 ;
    %load/vec4 v0x139815600_0;
    %pad/u 32;
    %cmpi/e 0, 0, 32;
    %jmp/0xz  T_2.17, 4;
    %pushi/vec4 7, 0, 3;
    %assign/vec4 v0x1398151c0_0, 0;
    %load/vec4 v0x139815960_0;
    %parti/s 1, 0, 2;
    %pad/u 32;
    %cmpi/e 0, 0, 32;
    %jmp/0xz  T_2.19, 4;
    %pushi/vec4 4, 0, 4;
    %assign/vec4 v0x139815b40_0, 0;
    %jmp T_2.20;
T_2.19 ;
    %pushi/vec4 6, 0, 4;
    %assign/vec4 v0x139815b40_0, 0;
T_2.20 ;
    %jmp T_2.18;
T_2.17 ;
    %pushi/vec4 8, 0, 4;
    %assign/vec4 v0x139815b40_0, 0;
T_2.18 ;
    %jmp T_2.12;
T_2.6 ;
    %load/vec4 v0x1398151c0_0;
    %pad/u 32;
    %cmpi/e 0, 0, 32;
    %jmp/0xz  T_2.21, 4;
    %pushi/vec4 7, 0, 4;
    %assign/vec4 v0x139815b40_0, 0;
    %jmp T_2.22;
T_2.21 ;
    %load/vec4 v0x1398151c0_0;
    %subi 1, 0, 3;
    %assign/vec4 v0x1398151c0_0, 0;
T_2.22 ;
    %jmp T_2.12;
T_2.7 ;
    %load/vec4 v0x139815600_0;
    %ix/load 5, 0, 0;
    %ix/getv 4, v0x1398151c0_0;
    %assign/vec4/off/d v0x1398152d0_0, 4, 5;
    %load/vec4 v0x1398151c0_0;
    %pad/u 32;
    %cmpi/e 0, 0, 32;
    %jmp/0xz  T_2.23, 4;
    %pushi/vec4 5, 0, 4;
    %assign/vec4 v0x139815b40_0, 0;
    %jmp T_2.24;
T_2.23 ;
    %load/vec4 v0x1398151c0_0;
    %subi 1, 0, 3;
    %assign/vec4 v0x1398151c0_0, 0;
T_2.24 ;
    %jmp T_2.12;
T_2.8 ;
    %pushi/vec4 8, 0, 4;
    %assign/vec4 v0x139815b40_0, 0;
    %jmp T_2.12;
T_2.9 ;
    %pushi/vec4 8, 0, 4;
    %assign/vec4 v0x139815b40_0, 0;
    %jmp T_2.12;
T_2.10 ;
    %pushi/vec4 0, 0, 4;
    %assign/vec4 v0x139815b40_0, 0;
    %jmp T_2.12;
T_2.12 ;
    %pop/vec4 1;
T_2.1 ;
    %jmp T_2;
    .thread T_2;
    .scope S_0x1398042f0;
T_3 ;
    %wait E_0x139804b00;
    %load/vec4 v0x139815740_0;
    %flag_set/vec4 8;
    %jmp/0xz  T_3.0, 8;
    %pushi/vec4 1, 0, 1;
    %assign/vec4 v0x139815ca0_0, 0;
    %pushi/vec4 1, 0, 1;
    %assign/vec4 v0x139815aa0_0, 0;
    %jmp T_3.1;
T_3.0 ;
    %load/vec4 v0x139815b40_0;
    %dup/vec4;
    %pushi/vec4 1, 0, 4;
    %cmp/u;
    %jmp/1 T_3.2, 6;
    %dup/vec4;
    %pushi/vec4 2, 0, 4;
    %cmp/u;
    %jmp/1 T_3.3, 6;
    %dup/vec4;
    %pushi/vec4 3, 0, 4;
    %cmp/u;
    %jmp/1 T_3.4, 6;
    %dup/vec4;
    %pushi/vec4 4, 0, 4;
    %cmp/u;
    %jmp/1 T_3.5, 6;
    %dup/vec4;
    %pushi/vec4 6, 0, 4;
    %cmp/u;
    %jmp/1 T_3.6, 6;
    %dup/vec4;
    %pushi/vec4 5, 0, 4;
    %cmp/u;
    %jmp/1 T_3.7, 6;
    %dup/vec4;
    %pushi/vec4 8, 0, 4;
    %cmp/u;
    %jmp/1 T_3.8, 6;
    %jmp T_3.9;
T_3.2 ;
    %pushi/vec4 1, 0, 1;
    %assign/vec4 v0x139815ca0_0, 0;
    %pushi/vec4 0, 0, 1;
    %assign/vec4 v0x139815aa0_0, 0;
    %jmp T_3.9;
T_3.3 ;
    %load/vec4 v0x139815960_0;
    %load/vec4 v0x1398151c0_0;
    %part/u 1;
    %assign/vec4 v0x139815aa0_0, 0;
    %jmp T_3.9;
T_3.4 ;
    %pushi/vec4 0, 0, 1;
    %assign/vec4 v0x139815ca0_0, 0;
    %jmp T_3.9;
T_3.5 ;
    %pushi/vec4 1, 0, 1;
    %assign/vec4 v0x139815ca0_0, 0;
    %load/vec4 v0x1398159f0_0;
    %load/vec4 v0x1398151c0_0;
    %part/u 1;
    %assign/vec4 v0x139815aa0_0, 0;
    %jmp T_3.9;
T_3.6 ;
    %pushi/vec4 0, 0, 1;
    %assign/vec4 v0x139815ca0_0, 0;
    %jmp T_3.9;
T_3.7 ;
    %pushi/vec4 1, 0, 1;
    %assign/vec4 v0x139815ca0_0, 0;
    %pushi/vec4 0, 0, 1;
    %assign/vec4 v0x139815aa0_0, 0;
    %jmp T_3.9;
T_3.8 ;
    %pushi/vec4 1, 0, 1;
    %assign/vec4 v0x139815ca0_0, 0;
    %pushi/vec4 1, 0, 1;
    %assign/vec4 v0x139815aa0_0, 0;
    %jmp T_3.9;
T_3.9 ;
    %pop/vec4 1;
T_3.1 ;
    %jmp T_3;
    .thread T_3;
    .scope S_0x139804170;
T_4 ;
    %delay 5000, 0;
    %load/vec4 v0x139815ec0_0;
    %inv;
    %store/vec4 v0x139815ec0_0, 0, 1;
    %jmp T_4;
    .thread T_4;
    .scope S_0x139804170;
T_5 ;
    %vpi_call 2 36 "$dumpfile", "i2c.vcd" {0 0 0};
    %vpi_call 2 37 "$dumpvars", 32'sb00000000000000000000000000000000, S_0x139804170 {0 0 0};
    %pushi/vec4 0, 0, 1;
    %store/vec4 v0x139815ec0_0, 0, 1;
    %pushi/vec4 1, 0, 1;
    %store/vec4 v0x1398162a0_0, 0, 1;
    %pushi/vec4 85, 0, 7;
    %store/vec4 v0x139815e30_0, 0, 7;
    %pushi/vec4 165, 0, 8;
    %store/vec4 v0x139816480_0, 0, 8;
    %pushi/vec4 0, 0, 1;
    %store/vec4 v0x139815fe0_0, 0, 1;
    %pushi/vec4 0, 0, 1;
    %store/vec4 v0x139816350_0, 0, 1;
    %delay 20000, 0;
    %pushi/vec4 0, 0, 1;
    %store/vec4 v0x1398162a0_0, 0, 1;
    %delay 20000, 0;
    %pushi/vec4 1, 0, 1;
    %store/vec4 v0x139815fe0_0, 0, 1;
    %delay 50000, 0;
    %pushi/vec4 0, 0, 1;
    %store/vec4 v0x139815fe0_0, 0, 1;
    %delay 1000000, 0;
    %vpi_call 2 57 "$finish" {0 0 0};
    %end;
    .thread T_5;
# The file index is used to find the file name in the following table.
:file_names 4;
    "N/A";
    "<interactive>";
    "tb_i2c_controller.v";
    "i2c_controller.v";
